\BOOKMARK [0][-]{chapter.1}{\376\377\000R\000e\000v\000i\000e\000w}{}% 1
\BOOKMARK [1][-]{section.1.1}{\376\377\000L\000e\000c\000t\000u\000r\000e\000\040\0001\000\040\040\024\000\040\000G\000r\000o\000u\000p\000s\000\040\000a\000n\000d\000\040\000B\000a\000s\000i\000c\000\040\000D\000e\000f\000i\000n\000i\000t\000i\000o\000n\000s}{chapter.1}% 2
\BOOKMARK [1][-]{section.1.2}{\376\377\000L\000e\000c\000t\000u\000r\000e\000\040\0002\000\040\040\024\000\040\000E\000q\000u\000i\000v\000a\000l\000e\000n\000c\000e\000\040\000R\000e\000l\000a\000t\000i\000o\000n\000s\000,\000\040\000Q\000u\000o\000t\000i\000e\000n\000t\000\040\000G\000r\000o\000u\000p\000s}{chapter.1}% 3
\BOOKMARK [0][-]{chapter.2}{\376\377\000G\000r\000o\000u\000p\000\040\000S\000t\000r\000u\000c\000t\000u\000r\000e}{}% 4
\BOOKMARK [1][-]{section.2.1}{\376\377\000L\000e\000c\000t\000u\000r\000e\000\040\0003\000\040\040\024\000\040\000T\000h\000e\000\040\000F\000u\000n\000d\000a\000m\000e\000n\000t\000a\000l\000\040\000T\000h\000e\000o\000r\000e\000m\000\040\000o\000f\000\040\000F\000i\000n\000i\000t\000e\000\040\000A\000b\000e\000l\000i\000a\000n\000\040\000G\000r\000o\000u\000p\000s\000\040\000I\000:\000\040\000S\000e\000t\000t\000i\000n\000g\000\040\000t\000h\000e\000\040\000s\000t\000a\000g\000e}{chapter.2}% 5
\BOOKMARK [1][-]{section.2.2}{\376\377\000L\000e\000c\000t\000u\000r\000e\000\040\0004\000\040\040\024\000\040\000T\000h\000e\000\040\000F\000u\000n\000d\000a\000m\000e\000n\000t\000a\000l\000\040\000T\000h\000e\000o\000r\000e\000m\000\040\000o\000f\000\040\000F\000i\000n\000i\000t\000e\000\040\000A\000b\000e\000l\000i\000a\000n\000\040\000G\000r\000o\000u\000p\000s\000\040\000I\000I\000:\000\040\000P\000r\000o\000o\000f}{chapter.2}% 6
\BOOKMARK [1][-]{section.2.3}{\376\377\000L\000e\000c\000t\000u\000r\000e\000\040\0005\000\040\040\024\000\040\000T\000h\000e\000\040\000F\000u\000n\000d\000a\000m\000e\000n\000t\000a\000l\000\040\000T\000h\000e\000o\000r\000e\000m\000\040\000o\000f\000\040\000F\000i\000n\000i\000t\000e\000\040\000A\000b\000e\000l\000i\000a\000n\000\040\000G\000r\000o\000u\000p\000s\000\040\000I\000I\000I\000:\000\040\000P\000r\000o\000v\000i\000n\000g\000\040\000t\000h\000e\000\040\000t\000e\000c\000h\000n\000i\000c\000a\000l\000\040\000l\000e\000m\000m\000a\000s}{chapter.2}% 7
\BOOKMARK [1][-]{section.2.4}{\376\377\000L\000e\000c\000t\000u\000r\000e\000\040\0006\000\040\040\024\000\040\000C\000o\000m\000p\000o\000s\000i\000t\000i\000o\000n\000\040\000S\000e\000r\000i\000e\000s\000\040\000a\000n\000d\000\040\000S\000o\000l\000v\000a\000b\000l\000e\000\040\000G\000r\000o\000u\000p\000s}{chapter.2}% 8
\BOOKMARK [1][-]{section.2.5}{\376\377\000L\000e\000c\000t\000u\000r\000e\000\040\0007\000\040\040\024\000\040\000T\000h\000e\000\040\000J\000o\000r\000d\000a\000n\000-\000H\000\366\000l\000d\000e\000r\000\040\000T\000h\000e\000o\000r\000e\000m}{chapter.2}% 9
\BOOKMARK [0][-]{chapter.3}{\376\377\000G\000r\000o\000u\000p\000\040\000A\000c\000t\000i\000o\000n\000s}{}% 10
\BOOKMARK [1][-]{section.3.1}{\376\377\000L\000e\000c\000t\000u\000r\000e\000\040\0008\000\040\040\024\000\040\000G\000r\000o\000u\000p\000\040\000A\000c\000t\000i\000o\000n\000s\000\040\000a\000n\000d\000\040\000E\000x\000a\000m\000p\000l\000e\000s}{chapter.3}% 11
\BOOKMARK [1][-]{section.3.2}{\376\377\000L\000e\000c\000t\000u\000r\000e\000\040\0009\000\040\040\024\000\040\000G\000r\000o\000u\000p\000\040\000A\000c\000t\000i\000o\000n\000s\000\040\000a\000n\000d\000\040\000t\000h\000e\000\040\000C\000l\000a\000s\000s\000\040\000E\000q\000u\000a\000t\000i\000o\000n}{chapter.3}% 12
\BOOKMARK [1][-]{section.3.3}{\376\377\000L\000e\000c\000t\000u\000r\000e\000\040\0001\0000\000\040\040\024\000\040\000T\000h\000e\000\040\000C\000l\000a\000s\000s\000\040\000E\000q\000u\000a\000t\000i\000o\000n\000:\000\040\000A\000p\000p\000l\000i\000c\000a\000t\000i\000o\000n\000s\000\040\000a\000n\000d\000\040\000E\000x\000a\000m\000p\000l\000e\000s}{chapter.3}% 13
\BOOKMARK [1][-]{section.3.4}{\376\377\000L\000e\000c\000t\000u\000r\000e\000\040\0001\0001\000\040\040\024\000\040\000C\000o\000u\000n\000t\000i\000n\000g\000\040\000a\000n\000d\000\040\000B\000u\000r\000n\000s\000i\000d\000e\000'\000s\000\040\000E\000q\000u\000a\000t\000i\000o\000n}{chapter.3}% 14
\BOOKMARK [0][-]{chapter.4}{\376\377\000T\000h\000e\000\040\000S\000y\000l\000o\000w\000\040\000T\000h\000e\000o\000r\000e\000m\000s}{}% 15
\BOOKMARK [1][-]{section.4.1}{\376\377\000L\000e\000c\000t\000u\000r\000e\000\040\0001\0002\000\040\040\024\000\040\000S\000y\000l\000o\000w\000\040\000T\000h\000e\000o\000r\000e\000m\000\040\000I}{chapter.4}% 16
\BOOKMARK [1][-]{section.4.2}{\376\377\000L\000e\000c\000t\000u\000r\000e\000\040\0001\0003\000\040\040\024\000\040\000S\000y\000l\000o\000w\000\040\000T\000h\000e\000o\000r\000e\000m\000\040\000I\000I}{chapter.4}% 17
\BOOKMARK [1][-]{section.4.3}{\376\377\000L\000e\000c\000t\000u\000r\000e\000\040\0001\0004\000\040\040\024\000\040\000S\000y\000l\000o\000w\000\040\000T\000h\000e\000o\000r\000e\000m\000\040\000I\000I\000I}{chapter.4}% 18
\BOOKMARK [1][-]{section.4.4}{\376\377\000L\000e\000c\000t\000u\000r\000e\000\040\0001\0005\000\040\040\024\000\040\000A\000p\000p\000l\000i\000c\000a\000t\000i\000o\000n\000s\000\040\000o\000f\000\040\000t\000h\000e\000\040\000S\000y\000l\000o\000w\000\040\000T\000h\000e\000o\000r\000e\000m\000s}{chapter.4}% 19
\BOOKMARK [1][-]{section.4.5}{\376\377\000L\000e\000c\000t\000u\000r\000e\000\040\0001\0006\000\040\040\024\000\040\000G\000r\000o\000u\000p\000\040\000T\000h\000e\000o\000r\000y\000\040\000a\000n\000d\000\040\000L\000i\000n\000e\000a\000r\000\040\000A\000l\000g\000e\000b\000r\000a}{chapter.4}% 20
\BOOKMARK [0][-]{chapter.5}{\376\377\000M\000i\000d\000t\000e\000r\000m}{}% 21
\BOOKMARK [1][-]{section.5.1}{\376\377\000L\000e\000c\000t\000u\000r\000e\000\040\0001\0007\000\040\040\024\000\040\000M\000i\000d\000t\000e\000r\000m\000\040\000R\000e\000v\000i\000e\000w\000\040\000Q\000u\000e\000s\000t\000i\000o\000n\000s}{chapter.5}% 22
\BOOKMARK [1][-]{section.5.2}{\376\377\000L\000e\000c\000t\000u\000r\000e\000\040\0001\0008\000\040\040\024\000\040\000M\000i\000d\000t\000e\000r\000m\000\040\000T\000e\000s\000t}{chapter.5}% 23
\BOOKMARK [0][-]{chapter.6}{\376\377\000R\000i\000n\000g\000\040\000T\000h\000e\000o\000r\000y}{}% 24
\BOOKMARK [1][-]{section.6.1}{\376\377\000L\000e\000c\000t\000u\000r\000e\000\040\0001\0009\000\040\040\024\000\040\000R\000e\000v\000i\000e\000w\000\040\000o\000f\000\040\000R\000i\000n\000g\000s\000\040\000I}{chapter.6}% 25
\BOOKMARK [1][-]{section.6.2}{\376\377\000L\000e\000c\000t\000u\000r\000e\000\040\0002\0000\000\040\040\024\000\040\000R\000e\000v\000i\000e\000w\000\040\000o\000f\000\040\000R\000i\000n\000g\000s\000\040\000I\000I}{chapter.6}% 26
\BOOKMARK [1][-]{section.6.3}{\376\377\000L\000e\000c\000t\000u\000r\000e\000\040\0002\0001\000\040\040\024\000\040\000P\000o\000l\000y\000n\000o\000m\000i\000a\000l\000\040\000R\000i\000n\000g\000s}{chapter.6}% 27
\BOOKMARK [1][-]{section.6.4}{\376\377\000L\000e\000c\000t\000u\000r\000e\000\040\0002\0002\000\040\040\024\000\040\000T\000h\000e\000\040\000D\000i\000v\000i\000s\000i\000o\000n\000\040\000A\000l\000g\000o\000r\000i\000t\000h\000m\000\040\000i\000n\000\040\000F\000[\000x\000]}{chapter.6}% 28
\BOOKMARK [1][-]{section.6.5}{\376\377\000L\000e\000c\000t\000u\000r\000e\000\040\0002\0003\000\040\040\024\000\040\000I\000r\000r\000e\000d\000u\000c\000i\000b\000l\000e\000\040\000P\000o\000l\000y\000n\000o\000m\000i\000a\000l\000s}{chapter.6}% 29
\BOOKMARK [1][-]{section.6.6}{\376\377\000L\000e\000c\000t\000u\000r\000e\000\040\0002\0004\000\040\040\024\000\040\000I\000d\000e\000a\000l\000s\000\040\000i\000n\000\040\000F\000[\000x\000]}{chapter.6}% 30
\BOOKMARK [0][-]{chapter.7}{\376\377\000I\000n\000t\000e\000g\000r\000a\000l\000\040\000D\000o\000m\000a\000i\000n\000s}{}% 31
\BOOKMARK [1][-]{section.7.1}{\376\377\000L\000e\000c\000t\000u\000r\000e\000\040\0002\0005\000\040\040\024\000\040\000F\000i\000e\000l\000d\000s\000\040\000f\000r\000o\000m\000\040\000D\000o\000m\000a\000i\000n\000s}{chapter.7}% 32
\BOOKMARK [1][-]{section.7.2}{\376\377\000L\000e\000c\000t\000u\000r\000e\000\040\0002\0006\000\040\040\024\000\040\000U\000n\000i\000q\000u\000e\000\040\000F\000a\000c\000t\000o\000r\000i\000z\000a\000t\000i\000o\000n\000\040\000D\000o\000m\000a\000i\000n\000s}{chapter.7}% 33
\BOOKMARK [1][-]{section.7.3}{\376\377\000L\000e\000c\000t\000u\000r\000e\000\040\0002\0007\000\040\040\024\000\040\000P\000r\000i\000n\000c\000i\000p\000a\000l\000\040\000I\000d\000e\000a\000l\000\040\000D\000o\000m\000a\000i\000n\000s}{chapter.7}% 34
\BOOKMARK [1][-]{section.7.4}{\376\377\000L\000e\000c\000t\000u\000r\000e\000\040\0002\0008\000\040\040\024\000\040\000E\000u\000c\000l\000i\000d\000e\000a\000n\000\040\000D\000o\000m\000a\000i\000n\000s\000\040\000a\000n\000d\000\040\000F\000a\000c\000t\000o\000r\000i\000n\000g\000\040\000i\000n\000\040\000D\000[\000x\000]}{chapter.7}% 35
\BOOKMARK [0][-]{chapter.8}{\376\377\000F\000i\000e\000l\000d\000s}{}% 36
\BOOKMARK [1][-]{section.8.1}{\376\377\000L\000e\000c\000t\000u\000r\000e\000\040\0002\0009\000\040\040\024\000\040\000F\000i\000e\000l\000d\000\040\000E\000x\000t\000e\000n\000s\000i\000o\000n\000s}{chapter.8}% 37
\BOOKMARK [1][-]{section.8.2}{\376\377\000L\000e\000c\000t\000u\000r\000e\000\040\0003\0000\000\040\040\024\000\040\000A\000l\000g\000e\000b\000r\000a\000i\000c\000\040\000E\000x\000t\000e\000n\000s\000i\000o\000n\000s}{chapter.8}% 38
\BOOKMARK [1][-]{section.8.3}{\376\377\000L\000e\000c\000t\000u\000r\000e\000\040\0003\0001\000\040\040\024\000\040\000F\000i\000e\000l\000d\000\040\000E\000x\000t\000e\000n\000s\000i\000o\000n\000s\000\040\000a\000n\000d\000\040\000L\000i\000n\000e\000a\000r\000\040\000A\000l\000g\000e\000b\000r\000a}{chapter.8}% 39
\BOOKMARK [1][-]{section.8.4}{\376\377\000L\000e\000c\000t\000u\000r\000e\000\040\0003\0002\000\040\040\024\000\040\000A\000l\000g\000e\000b\000r\000a\000i\000c\000\040\000C\000l\000o\000s\000u\000r\000e\000\040\000a\000n\000d\000\040\000S\000p\000l\000i\000t\000t\000i\000n\000g\000\040\000F\000i\000e\000l\000d\000s}{chapter.8}% 40
\BOOKMARK [1][-]{section.8.5}{\376\377\000L\000e\000c\000t\000u\000r\000e\000\040\0003\0003\000\040\040\024\000\040\000G\000e\000o\000m\000e\000t\000r\000i\000c\000\040\000C\000o\000n\000s\000t\000r\000u\000c\000t\000i\000o\000n\000s\000\040\000I}{chapter.8}% 41
\BOOKMARK [1][-]{section.8.6}{\376\377\000L\000e\000c\000t\000u\000r\000e\000\040\0003\0004\000\040\040\024\000\040\000G\000e\000o\000m\000e\000t\000r\000i\000c\000\040\000C\000o\000n\000s\000t\000r\000u\000c\000t\000i\000o\000n\000s\000\040\000I\000I}{chapter.8}% 42
\BOOKMARK [0][-]{chapter*.5}{\376\377\000H\000o\000m\000e\000w\000o\000r\000k\000\040\000A\000s\000s\000i\000g\000n\000m\000e\000n\000t\000s}{}% 43
\BOOKMARK [1][-]{section*.6}{\376\377\000A\000s\000s\000i\000g\000n\000m\000e\000n\000t\000\040\0001}{chapter*.5}% 44
\BOOKMARK [1][-]{section*.7}{\376\377\000A\000s\000s\000i\000g\000n\000m\000e\000n\000t\000\040\0002}{chapter*.5}% 45
\BOOKMARK [1][-]{section*.8}{\376\377\000A\000s\000s\000i\000g\000n\000m\000e\000n\000t\000\040\0003}{chapter*.5}% 46
\BOOKMARK [1][-]{section*.9}{\376\377\000A\000s\000s\000i\000g\000n\000m\000e\000n\000t\000\040\0004}{chapter*.5}% 47
\BOOKMARK [1][-]{section*.10}{\376\377\000A\000s\000s\000i\000g\000n\000m\000e\000n\000t\000\040\0005}{chapter*.5}% 48
